Base path: /Applications/Unity/Unity.app/Contents
Pipe name: \\.\pipe\UnityShaderCompiler-2--1336799232
Cmd: getPlatforms
Cmd: compileSnippet
  api=0 type=0 insize=7087 outsize=2287 kw=DIRECTIONAL LIGHTMAP_OFF DIRLIGHTMAP_OFF VERTEXLIGHT_ON ok=1
Cmd: compileSnippet
  api=0 type=0 insize=4819 outsize=1549 kw=SPOT ok=1
Cmd: compileSnippet
  api=0 type=1 insize=4819 outsize=1821 kw=SPOT ok=1
Cmd: compileSnippet
  api=0 type=0 insize=6012 outsize=2130 kw=DIRECTIONAL LIGHTMAP_OFF DIRLIGHTMAP_OFF VERTEXLIGHT_ON ok=1
Cmd: compileSnippet
  api=0 type=0 insize=3811 outsize=1055 kw=DIRECTIONAL ok=1
Cmd: compileSnippet
  api=0 type=1 insize=3811 outsize=1487 kw=POINT_COOKIE ok=1
Cmd: compileSnippet
  api=0 type=0 insize=5336 outsize=1688 kw=DIRECTIONAL LIGHTMAP_OFF DIRLIGHTMAP_OFF VERTEXLIGHT_ON ok=1
Cmd: compileSnippet
  api=0 type=0 insize=2853 outsize=731 kw=DIRECTIONAL ok=1
Cmd: compileSnippet
  api=0 type=1 insize=2853 outsize=826 kw=POINT_COOKIE ok=1
End of pipe

Quitting shader compiler process
