Base path: /Applications/Unity/Unity.app/Contents
Pipe name: \\.\pipe\UnityShaderCompiler-3--1336266752
Cmd: getPlatforms
Cmd: compileSnippet
  api=0 type=1 insize=7087 outsize=832 kw=DIRECTIONAL LIGHTMAP_ON DIRLIGHTMAP_OFF ok=1
Cmd: compileSnippet
  api=0 type=0 insize=4819 outsize=1512 kw=POINT_COOKIE ok=1
Cmd: compileSnippet
  api=0 type=1 insize=4819 outsize=1688 kw=POINT_COOKIE ok=1
Cmd: compileSnippet
  api=0 type=1 insize=6012 outsize=542 kw=DIRECTIONAL LIGHTMAP_ON DIRLIGHTMAP_OFF ok=1
Cmd: compileSnippet
  api=0 type=0 insize=3811 outsize=1346 kw=POINT_COOKIE ok=1
Cmd: compileSnippet
  api=0 type=1 insize=3811 outsize=1187 kw=DIRECTIONAL ok=1
Cmd: compileSnippet
  api=0 type=0 insize=5336 outsize=912 kw=DIRECTIONAL LIGHTMAP_ON DIRLIGHTMAP_ON ok=1
Cmd: compileSnippet
  api=0 type=1 insize=5336 outsize=542 kw=DIRECTIONAL LIGHTMAP_ON DIRLIGHTMAP_ON ok=1
Cmd: compileSnippet
  api=0 type=0 insize=2853 outsize=889 kw=POINT_COOKIE ok=1
Cmd: compileSnippet
  api=0 type=1 insize=2853 outsize=961 kw=SPOT ok=1
End of pipe

Quitting shader compiler process
